<?xml version="1.0" encoding="UTF-8"?>
<testsuite name="com.shtm.test.StructureDataTestUtilities" tests="4" skipped="4" failures="0" errors="0" timestamp="2018-07-21T19:38:07" hostname="Sirius" time="0.0">
  <properties/>
  <testcase name="createTaskInstance1" classname="com.shtm.test.StructureDataTestUtilities" time="0.0">
    <skipped/>
  </testcase>
  <testcase name="createTaskInstance" classname="com.shtm.test.StructureDataTestUtilities" time="0.0">
    <skipped/>
  </testcase>
  <testcase name="exitOperation" classname="com.shtm.test.StructureDataTestUtilities" time="0.0">
    <skipped/>
  </testcase>
  <testcase name="exitObsoleteTaskInstance" classname="com.shtm.test.StructureDataTestUtilities" time="0.0">
    <skipped/>
  </testcase>
  <system-out><![CDATA[2018-07-21 21:38:07,074 [Test worker    ] DEBUG SpringJUnit4ClassRunner        - SpringJUnit4ClassRunner constructor called with [class com.shtm.test.StructureDataTestUtilities].
2018-07-21 21:38:07,075 [Test worker    ] DEBUG DelegatingSmartContextLoader   - Delegating to GenericXmlContextLoader to process context configuration [ContextConfigurationAttributes@7b29268d declaringClass = 'com.htm.test.TaskParentInterfaceTest', locations = '{classpath:META-INF/spring-beans.xml}', classes = '{}', inheritLocations = true, contextLoaderClass = 'org.springframework.test.context.ContextLoader'].
2018-07-21 21:38:07,075 [Test worker    ] DEBUG ContextLoaderUtils             - Could not find an 'annotation declaring class' for annotation type [interface org.springframework.test.context.ActiveProfiles] and class [class com.shtm.test.StructureDataTestUtilities]
2018-07-21 21:38:07,075 [Test worker    ] INFO  TestContextManager             - @TestExecutionListeners is not present for class [class com.shtm.test.StructureDataTestUtilities]: using defaults.
2018-07-21 21:38:07,075 [Test worker    ] DEBUG ProfileValueUtils              - Retrieved @ProfileValueSourceConfiguration [null] for test class [com.shtm.test.StructureDataTestUtilities]
2018-07-21 21:38:07,075 [Test worker    ] DEBUG ProfileValueUtils              - Retrieved ProfileValueSource type [class org.springframework.test.annotation.SystemProfileValueSource] for class [com.shtm.test.StructureDataTestUtilities]
]]></system-out>
  <system-err><![CDATA[]]></system-err>
</testsuite>
