<?xml version="1.0" encoding="UTF-8"?>
<testsuite name="com.htm.test.LPGFactoryTest" tests="1" skipped="1" failures="0" errors="0" timestamp="2018-07-21T19:38:06" hostname="Sirius" time="0.0">
  <properties/>
  <testcase name="defaultProvider" classname="com.htm.test.LPGFactoryTest" time="0.0">
    <skipped/>
  </testcase>
  <system-out><![CDATA[2018-07-21 21:38:06,018 [Test worker    ] DEBUG SpringJUnit4ClassRunner        - SpringJUnit4ClassRunner constructor called with [class com.htm.test.LPGFactoryTest].
2018-07-21 21:38:06,019 [Test worker    ] DEBUG DelegatingSmartContextLoader   - Delegating to GenericXmlContextLoader to process context configuration [ContextConfigurationAttributes@60a66e44 declaringClass = 'com.htm.test.LPGFactoryTest', locations = '{classpath:META-INF/spring-beans.xml}', classes = '{}', inheritLocations = true, contextLoaderClass = 'org.springframework.test.context.ContextLoader'].
2018-07-21 21:38:06,019 [Test worker    ] DEBUG ContextLoaderUtils             - Could not find an 'annotation declaring class' for annotation type [interface org.springframework.test.context.ActiveProfiles] and class [class com.htm.test.LPGFactoryTest]
2018-07-21 21:38:06,019 [Test worker    ] INFO  TestContextManager             - @TestExecutionListeners is not present for class [class com.htm.test.LPGFactoryTest]: using defaults.
2018-07-21 21:38:06,019 [Test worker    ] DEBUG ProfileValueUtils              - Retrieved @ProfileValueSourceConfiguration [null] for test class [com.htm.test.LPGFactoryTest]
2018-07-21 21:38:06,019 [Test worker    ] DEBUG ProfileValueUtils              - Retrieved ProfileValueSource type [class org.springframework.test.annotation.SystemProfileValueSource] for class [com.htm.test.LPGFactoryTest]
]]></system-out>
  <system-err><![CDATA[]]></system-err>
</testsuite>
