<?xml version="1.0" encoding="UTF-8"?>
<testsuite name="de.gridsolut.spring.test.H2Tester" tests="1" skipped="1" failures="0" errors="0" timestamp="2018-07-21T19:38:07" hostname="Sirius" time="0.0">
  <properties/>
  <testcase name="stupidTest" classname="de.gridsolut.spring.test.H2Tester" time="0.0">
    <skipped/>
  </testcase>
  <system-out><![CDATA[2018-07-21 21:38:07,084 [Test worker    ] DEBUG SpringJUnit4ClassRunner        - SpringJUnit4ClassRunner constructor called with [class de.gridsolut.spring.test.H2Tester].
2018-07-21 21:38:07,085 [Test worker    ] DEBUG DelegatingSmartContextLoader   - Delegating to GenericXmlContextLoader to process context configuration [ContextConfigurationAttributes@691b98a9 declaringClass = 'de.gridsolut.spring.test.H2Tester', locations = '{classpath:META-INF/test-context.xml}', classes = '{}', inheritLocations = true, contextLoaderClass = 'org.springframework.test.context.ContextLoader'].
2018-07-21 21:38:07,085 [Test worker    ] DEBUG ContextLoaderUtils             - Could not find an 'annotation declaring class' for annotation type [interface org.springframework.test.context.ActiveProfiles] and class [class de.gridsolut.spring.test.H2Tester]
2018-07-21 21:38:07,085 [Test worker    ] INFO  TestContextManager             - @TestExecutionListeners is not present for class [class de.gridsolut.spring.test.H2Tester]: using defaults.
2018-07-21 21:38:07,085 [Test worker    ] DEBUG ProfileValueUtils              - Retrieved @ProfileValueSourceConfiguration [null] for test class [de.gridsolut.spring.test.H2Tester]
2018-07-21 21:38:07,085 [Test worker    ] DEBUG ProfileValueUtils              - Retrieved ProfileValueSource type [class org.springframework.test.annotation.SystemProfileValueSource] for class [de.gridsolut.spring.test.H2Tester]
]]></system-out>
  <system-err><![CDATA[]]></system-err>
</testsuite>
