<?xml version="1.0" encoding="UTF-8"?>
<testsuite name="com.htm.test.DatabaseTest" tests="1" skipped="1" failures="0" errors="0" timestamp="2018-07-21T19:38:05" hostname="Sirius" time="0.0">
  <properties/>
  <testcase name="checkDatabase" classname="com.htm.test.DatabaseTest" time="0.0">
    <skipped/>
  </testcase>
  <system-out><![CDATA[2018-07-21 21:38:05,405 [Test worker    ] DEBUG SpringJUnit4ClassRunner        - SpringJUnit4ClassRunner constructor called with [class com.htm.test.DatabaseTest].
2018-07-21 21:38:05,437 [Test worker    ] DEBUG DelegatingSmartContextLoader   - Delegating to GenericXmlContextLoader to process context configuration [ContextConfigurationAttributes@354e95aa declaringClass = 'com.htm.test.DatabaseTest', locations = '{classpath:META-INF/spring-beans.xml}', classes = '{}', inheritLocations = true, contextLoaderClass = 'org.springframework.test.context.ContextLoader'].
2018-07-21 21:38:05,441 [Test worker    ] DEBUG ContextLoaderUtils             - Could not find an 'annotation declaring class' for annotation type [interface org.springframework.test.context.ActiveProfiles] and class [class com.htm.test.DatabaseTest]
2018-07-21 21:38:05,441 [Test worker    ] INFO  TestContextManager             - @TestExecutionListeners is not present for class [class com.htm.test.DatabaseTest]: using defaults.
2018-07-21 21:38:05,450 [Test worker    ] DEBUG ProfileValueUtils              - Retrieved @ProfileValueSourceConfiguration [null] for test class [com.htm.test.DatabaseTest]
2018-07-21 21:38:05,450 [Test worker    ] DEBUG ProfileValueUtils              - Retrieved ProfileValueSource type [class org.springframework.test.annotation.SystemProfileValueSource] for class [com.htm.test.DatabaseTest]
]]></system-out>
  <system-err><![CDATA[]]></system-err>
</testsuite>
